  [1m[36m (0.1ms)[0m  [1mselect sqlite_version(*)[0m
  [1m[35m (2.2ms)[0m  CREATE TABLE "schema_migrations" ("version" varchar(255) NOT NULL) 
  [1m[36m (0.1ms)[0m  [1mPRAGMA index_list("schema_migrations")[0m
  [1m[35m (1.5ms)[0m  CREATE UNIQUE INDEX "unique_schema_migrations" ON "schema_migrations" ("version")
  [1m[36m (0.1ms)[0m  [1mSELECT "schema_migrations"."version" FROM "schema_migrations" [0m
Migrating to CreateTweets (20111213063722)
  [1m[35m (0.5ms)[0m  CREATE TABLE "tweets" ("id" INTEGER PRIMARY KEY AUTOINCREMENT NOT NULL, "text" varchar(255), "created_at" datetime, "updated_at" datetime) 
  [1m[36m (0.2ms)[0m  [1mINSERT INTO "schema_migrations" ("version") VALUES ('20111213063722')[0m
  [1m[35m (0.3ms)[0m  select sqlite_version(*)
  [1m[36m (0.1ms)[0m  [1mSELECT "schema_migrations"."version" FROM "schema_migrations" [0m
  [1m[35m (0.0ms)[0m  PRAGMA index_list("tweets")


Started GET "/assets/rails.png" for 127.0.0.1 at 2011-12-13 01:24:04 -0600
Served asset /rails.png - 200 OK (5ms)


Started GET "/dashboard" for 127.0.0.1 at 2011-12-13 01:24:12 -0600

ActionController::RoutingError (No route matches [GET] "/dashboard"):
  

Rendered /Users/cato/.rvm/gems/ruby-1.9.2-p290@rails31/gems/actionpack-3.1.1/lib/action_dispatch/middleware/templates/rescues/routing_error.erb within rescues/layout (0.9ms)


Started GET "/dashboard" for 127.0.0.1 at 2011-12-13 01:25:24 -0600

ActionController::RoutingError (No route matches [GET] "/dashboard"):
  

Rendered /Users/cato/.rvm/gems/ruby-1.9.2-p290@rails31/gems/actionpack-3.1.1/lib/action_dispatch/middleware/templates/rescues/routing_error.erb within rescues/layout (0.7ms)


Started GET "/dashboard/index" for 127.0.0.1 at 2011-12-13 01:25:31 -0600
  Processing by DashboardController#index as HTML
Rendered dashboard/index.html.haml within layouts/application (30.7ms)
Completed 500 Internal Server Error in 38ms

ActionView::Template::Error (undefined method `render_widget' for #<#<Class:0x00000103629cc0>:0x00000103619f00>):
    2: 
    3: #dashboard
    4: 	.column
    5: 		= render_widget :twitter
  app/views/dashboard/index.html.haml:5:in `_app_views_dashboard_index_html_haml__863340056194620551_2175844760'

Rendered /Users/cato/.rvm/gems/ruby-1.9.2-p290@rails31/gems/actionpack-3.1.1/lib/action_dispatch/middleware/templates/rescues/_trace.erb (1.4ms)
Rendered /Users/cato/.rvm/gems/ruby-1.9.2-p290@rails31/gems/actionpack-3.1.1/lib/action_dispatch/middleware/templates/rescues/_request_and_response.erb (1.0ms)
Rendered /Users/cato/.rvm/gems/ruby-1.9.2-p290@rails31/gems/actionpack-3.1.1/lib/action_dispatch/middleware/templates/rescues/template_error.erb within rescues/layout (5.2ms)


Started GET "/dashboard/index" for 127.0.0.1 at 2011-12-13 01:27:32 -0600
  Processing by DashboardController#index as HTML
Rendered dashboard/index.html.haml within layouts/application (3.4ms)
Completed 500 Internal Server Error in 9ms

ActionView::Template::Error (/Users/cato/Sites/rails_apps/apotomo_tutorial/01_introduction/app/widgets/twitter_widget.rb:14: syntax error, unexpected $end, expecting keyword_end):
    2: 
    3: #dashboard
    4: 	.column
    5: 		= render_widget :twitter
  app/controllers/dashboard_controller.rb:4:in `block in <class:DashboardController>'
  app/views/dashboard/index.html.haml:5:in `_app_views_dashboard_index_html_haml__863340056194620551_2175844760'

Rendered /Users/cato/.rvm/gems/ruby-1.9.2-p290@rails31/gems/actionpack-3.1.1/lib/action_dispatch/middleware/templates/rescues/_trace.erb (1.6ms)
Rendered /Users/cato/.rvm/gems/ruby-1.9.2-p290@rails31/gems/actionpack-3.1.1/lib/action_dispatch/middleware/templates/rescues/_request_and_response.erb (1.0ms)
Rendered /Users/cato/.rvm/gems/ruby-1.9.2-p290@rails31/gems/actionpack-3.1.1/lib/action_dispatch/middleware/templates/rescues/template_error.erb within rescues/layout (5.4ms)
  [1m[36m (0.1ms)[0m  [1mSELECT "schema_migrations"."version" FROM "schema_migrations" [0m
Migrating to CreateTweets (20111213063722)
  [1m[35m (0.3ms)[0m  select sqlite_version(*)
  [1m[36m (0.1ms)[0m  [1mSELECT "schema_migrations"."version" FROM "schema_migrations" [0m
  [1m[35m (0.0ms)[0m  PRAGMA index_list("tweets")


Started GET "/dashboard/index" for 127.0.0.1 at 2011-12-13 01:29:36 -0600
  Processing by DashboardController#index as HTML
Rendered dashboard/index.html.haml within layouts/application (5.1ms)
Completed 500 Internal Server Error in 48ms

ActionView::Template::Error (/Users/cato/Sites/rails_apps/apotomo_tutorial/01_introduction/app/widgets/twitter_widget.rb:14: syntax error, unexpected $end, expecting keyword_end):
    2: 
    3: #dashboard
    4: 	.column
    5: 		= render_widget :twitter
  app/controllers/dashboard_controller.rb:4:in `block in <class:DashboardController>'
  app/views/dashboard/index.html.haml:5:in `_app_views_dashboard_index_html_haml__3064111591821194946_2158065460'

Rendered /Users/cato/.rvm/gems/ruby-1.9.2-p290@rails31/gems/actionpack-3.1.1/lib/action_dispatch/middleware/templates/rescues/_trace.erb (1.6ms)
Rendered /Users/cato/.rvm/gems/ruby-1.9.2-p290@rails31/gems/actionpack-3.1.1/lib/action_dispatch/middleware/templates/rescues/_request_and_response.erb (1.0ms)
Rendered /Users/cato/.rvm/gems/ruby-1.9.2-p290@rails31/gems/actionpack-3.1.1/lib/action_dispatch/middleware/templates/rescues/template_error.erb within rescues/layout (5.2ms)


Started GET "/dashboard/index" for 127.0.0.1 at 2011-12-13 01:31:00 -0600
  Processing by DashboardController#index as HTML
Rendered dashboard/index.html.haml within layouts/application (4.9ms)
Completed 500 Internal Server Error in 48ms

ActionView::Template::Error (/Users/cato/Sites/rails_apps/apotomo_tutorial/01_introduction/app/widgets/twitter_widget.rb:14: syntax error, unexpected $end, expecting keyword_end):
    2: 
    3: #dashboard
    4: 	.column
    5: 		= render_widget :twitter
  app/controllers/dashboard_controller.rb:4:in `block in <class:DashboardController>'
  app/views/dashboard/index.html.haml:5:in `_app_views_dashboard_index_html_haml___92388911899218420_2158185440'

Rendered /Users/cato/.rvm/gems/ruby-1.9.2-p290@rails31/gems/actionpack-3.1.1/lib/action_dispatch/middleware/templates/rescues/_trace.erb (1.6ms)
Rendered /Users/cato/.rvm/gems/ruby-1.9.2-p290@rails31/gems/actionpack-3.1.1/lib/action_dispatch/middleware/templates/rescues/_request_and_response.erb (1.0ms)
Rendered /Users/cato/.rvm/gems/ruby-1.9.2-p290@rails31/gems/actionpack-3.1.1/lib/action_dispatch/middleware/templates/rescues/template_error.erb within rescues/layout (5.4ms)


Started GET "/dashboard/index" for 127.0.0.1 at 2011-12-13 01:31:03 -0600
  Processing by DashboardController#index as HTML
Rendered dashboard/index.html.haml within layouts/application (2.7ms)
Completed 500 Internal Server Error in 9ms

ActionView::Template::Error (/Users/cato/Sites/rails_apps/apotomo_tutorial/01_introduction/app/widgets/twitter_widget.rb:14: syntax error, unexpected $end, expecting keyword_end):
    2: 
    3: #dashboard
    4: 	.column
    5: 		= render_widget :twitter
  app/controllers/dashboard_controller.rb:4:in `block in <class:DashboardController>'
  app/views/dashboard/index.html.haml:5:in `_app_views_dashboard_index_html_haml___92388911899218420_2158185440'

Rendered /Users/cato/.rvm/gems/ruby-1.9.2-p290@rails31/gems/actionpack-3.1.1/lib/action_dispatch/middleware/templates/rescues/_trace.erb (1.5ms)
Rendered /Users/cato/.rvm/gems/ruby-1.9.2-p290@rails31/gems/actionpack-3.1.1/lib/action_dispatch/middleware/templates/rescues/_request_and_response.erb (1.0ms)
Rendered /Users/cato/.rvm/gems/ruby-1.9.2-p290@rails31/gems/actionpack-3.1.1/lib/action_dispatch/middleware/templates/rescues/template_error.erb within rescues/layout (5.3ms)


Started GET "/dashboard/index" for 127.0.0.1 at 2011-12-13 01:32:01 -0600
  Processing by DashboardController#index as HTML
Rendered dashboard/index.html.haml within layouts/application (2.6ms)
Completed 500 Internal Server Error in 9ms

ActionView::Template::Error (/Users/cato/Sites/rails_apps/apotomo_tutorial/01_introduction/app/widgets/twitter_widget.rb:14: syntax error, unexpected $end, expecting keyword_end):
    2: 
    3: #dashboard
    4: 	.column
    5: 		= render_widget :twitter
  app/controllers/dashboard_controller.rb:4:in `block in <class:DashboardController>'
  app/views/dashboard/index.html.haml:5:in `_app_views_dashboard_index_html_haml___92388911899218420_2158185440'

Rendered /Users/cato/.rvm/gems/ruby-1.9.2-p290@rails31/gems/actionpack-3.1.1/lib/action_dispatch/middleware/templates/rescues/_trace.erb (1.6ms)
Rendered /Users/cato/.rvm/gems/ruby-1.9.2-p290@rails31/gems/actionpack-3.1.1/lib/action_dispatch/middleware/templates/rescues/_request_and_response.erb (1.0ms)
Rendered /Users/cato/.rvm/gems/ruby-1.9.2-p290@rails31/gems/actionpack-3.1.1/lib/action_dispatch/middleware/templates/rescues/template_error.erb within rescues/layout (5.1ms)


Started GET "/dashboard/index" for 127.0.0.1 at 2011-12-13 01:32:02 -0600
  Processing by DashboardController#index as HTML
Rendered dashboard/index.html.haml within layouts/application (2.5ms)
Completed 500 Internal Server Error in 8ms

ActionView::Template::Error (/Users/cato/Sites/rails_apps/apotomo_tutorial/01_introduction/app/widgets/twitter_widget.rb:14: syntax error, unexpected $end, expecting keyword_end):
    2: 
    3: #dashboard
    4: 	.column
    5: 		= render_widget :twitter
  app/controllers/dashboard_controller.rb:4:in `block in <class:DashboardController>'
  app/views/dashboard/index.html.haml:5:in `_app_views_dashboard_index_html_haml___92388911899218420_2158185440'

Rendered /Users/cato/.rvm/gems/ruby-1.9.2-p290@rails31/gems/actionpack-3.1.1/lib/action_dispatch/middleware/templates/rescues/_trace.erb (1.4ms)
Rendered /Users/cato/.rvm/gems/ruby-1.9.2-p290@rails31/gems/actionpack-3.1.1/lib/action_dispatch/middleware/templates/rescues/_request_and_response.erb (1.0ms)
Rendered /Users/cato/.rvm/gems/ruby-1.9.2-p290@rails31/gems/actionpack-3.1.1/lib/action_dispatch/middleware/templates/rescues/template_error.erb within rescues/layout (5.0ms)


Started GET "/dashboard" for 127.0.0.1 at 2011-12-13 01:32:48 -0600

ActionController::RoutingError (No route matches [GET] "/dashboard"):
  

Rendered /Users/cato/.rvm/gems/ruby-1.9.2-p290@rails31/gems/actionpack-3.1.1/lib/action_dispatch/middleware/templates/rescues/routing_error.erb within rescues/layout (0.7ms)


Started GET "/dashboard" for 127.0.0.1 at 2011-12-13 01:32:53 -0600

ActionController::RoutingError (No route matches [GET] "/dashboard"):
  

Rendered /Users/cato/.rvm/gems/ruby-1.9.2-p290@rails31/gems/actionpack-3.1.1/lib/action_dispatch/middleware/templates/rescues/routing_error.erb within rescues/layout (0.7ms)


Started GET "/dashboard/index" for 127.0.0.1 at 2011-12-13 01:40:33 -0600
  Processing by DashboardController#index as HTML
Rendered dashboard/index.html.haml within layouts/application (2.5ms)
Completed 500 Internal Server Error in 8ms

ActionView::Template::Error (/Users/cato/Sites/rails_apps/apotomo_tutorial/01_introduction/app/widgets/twitter_widget.rb:14: syntax error, unexpected $end, expecting keyword_end):
    2: 
    3: #dashboard
    4: 	.column
    5: 		= render_widget :twitter
  app/controllers/dashboard_controller.rb:4:in `block in <class:DashboardController>'
  app/views/dashboard/index.html.haml:5:in `_app_views_dashboard_index_html_haml___92388911899218420_2158185440'

Rendered /Users/cato/.rvm/gems/ruby-1.9.2-p290@rails31/gems/actionpack-3.1.1/lib/action_dispatch/middleware/templates/rescues/_trace.erb (1.5ms)
Rendered /Users/cato/.rvm/gems/ruby-1.9.2-p290@rails31/gems/actionpack-3.1.1/lib/action_dispatch/middleware/templates/rescues/_request_and_response.erb (1.0ms)
Rendered /Users/cato/.rvm/gems/ruby-1.9.2-p290@rails31/gems/actionpack-3.1.1/lib/action_dispatch/middleware/templates/rescues/template_error.erb within rescues/layout (5.0ms)


Started GET "/dashboard/index" for 127.0.0.1 at 2011-12-13 01:41:07 -0600
  Processing by DashboardController#index as HTML
  [1m[36mTweet Load (0.1ms)[0m  [1mSELECT "tweets".* FROM "tweets" [0m
Rendered app/widgets/twitter/display.html.haml (1.6ms)
Rendered dashboard/index.html.haml within layouts/application (508.3ms)
Completed 500 Internal Server Error in 514ms

ActionView::Template::Error (Inconsistent indentation: 2 tabs were used for indentation, but the rest of the document was indented using 2 spaces.):
    1: = widget_div do
    2:   %ul
    3:     - for tweet in @tweets
    4: 		%li
    5: 			= tweet.text
    6: 
    7:   %p
  app/widgets/twitter/display.html.haml:4
  app/widgets/twitter_widget.rb:6:in `display'
  app/views/dashboard/index.html.haml:5:in `_app_views_dashboard_index_html_haml___92388911899218420_2158185440'

Rendered /Users/cato/.rvm/gems/ruby-1.9.2-p290@rails31/gems/actionpack-3.1.1/lib/action_dispatch/middleware/templates/rescues/_trace.erb (1.4ms)
Rendered /Users/cato/.rvm/gems/ruby-1.9.2-p290@rails31/gems/actionpack-3.1.1/lib/action_dispatch/middleware/templates/rescues/_request_and_response.erb (1.0ms)
Rendered /Users/cato/.rvm/gems/ruby-1.9.2-p290@rails31/gems/actionpack-3.1.1/lib/action_dispatch/middleware/templates/rescues/template_error.erb within rescues/layout (4.9ms)


Started GET "/dashboard/index" for 127.0.0.1 at 2011-12-13 01:42:01 -0600
  Processing by DashboardController#index as HTML
  [1m[35mTweet Load (0.1ms)[0m  SELECT "tweets".* FROM "tweets" 
Rendered app/widgets/twitter/display.html.haml (1.4ms)
Rendered dashboard/index.html.haml within layouts/application (22.8ms)
Completed 500 Internal Server Error in 29ms

ActionView::Template::Error (Inconsistent indentation: "    \t" was used for indentation, but the rest of the document was indented using 1 tab.):
    1: = widget_div do
    2: 	%ul
    3:     	- for tweet in @tweets
    4: 			%li
    5: 				= tweet.text
    6: 
  app/widgets/twitter/display.html.haml:3
  app/widgets/twitter_widget.rb:6:in `display'
  app/views/dashboard/index.html.haml:5:in `_app_views_dashboard_index_html_haml___92388911899218420_2158185440'

Rendered /Users/cato/.rvm/gems/ruby-1.9.2-p290@rails31/gems/actionpack-3.1.1/lib/action_dispatch/middleware/templates/rescues/_trace.erb (2.3ms)
Rendered /Users/cato/.rvm/gems/ruby-1.9.2-p290@rails31/gems/actionpack-3.1.1/lib/action_dispatch/middleware/templates/rescues/_request_and_response.erb (9.0ms)
Rendered /Users/cato/.rvm/gems/ruby-1.9.2-p290@rails31/gems/actionpack-3.1.1/lib/action_dispatch/middleware/templates/rescues/template_error.erb within rescues/layout (14.5ms)


Started GET "/dashboard/index" for 127.0.0.1 at 2011-12-13 01:42:31 -0600
  Processing by DashboardController#index as HTML
  [1m[36mTweet Load (0.2ms)[0m  [1mSELECT "tweets".* FROM "tweets" [0m
Rendered app/widgets/twitter/display.html.haml (8.6ms)
Rendered dashboard/index.html.haml within layouts/application (82.2ms)
Compiled application.css  (1ms)  (pid 4889)
Compiled dashboard.css  (8ms)  (pid 4889)
Completed 200 OK in 129ms (Views: 127.5ms | ActiveRecord: 0.7ms)


Started GET "/assets/defaults.js" for 127.0.0.1 at 2011-12-13 01:42:31 -0600
Served asset /defaults.js - 404 Not Found (3ms)

ActionController::RoutingError (No route matches [GET] "/assets/defaults.js"):
  

Rendered /Users/cato/.rvm/gems/ruby-1.9.2-p290@rails31/gems/actionpack-3.1.1/lib/action_dispatch/middleware/templates/rescues/routing_error.erb within rescues/layout (0.6ms)


Started GET "/assets/application.css?body=1" for 127.0.0.1 at 2011-12-13 01:42:31 -0600
Served asset /application.css - 304 Not Modified (0ms)


Started GET "/assets/dashboard.css?body=1" for 127.0.0.1 at 2011-12-13 01:42:31 -0600
Served asset /dashboard.css - 304 Not Modified (2ms)


Started GET "/dashboard/index" for 127.0.0.1 at 2011-12-13 01:46:26 -0600
  Processing by DashboardController#index as HTML
  [1m[35mTweet Load (0.1ms)[0m  SELECT "tweets".* FROM "tweets" 
Rendered app/widgets/twitter/display.html.haml (1.7ms)
Rendered dashboard/index.html.haml within layouts/application (23.0ms)
Compiled application.css  (2ms)  (pid 4889)
Compiled app.css  (0ms)  (pid 4889)
Completed 200 OK in 60ms (Views: 58.7ms | ActiveRecord: 0.6ms)


Started GET "/assets/dashboard.css?body=1" for 127.0.0.1 at 2011-12-13 01:46:27 -0600
Served asset /dashboard.css - 304 Not Modified (0ms)


Started GET "/assets/application.css?body=1" for 127.0.0.1 at 2011-12-13 01:46:27 -0600
Served asset /application.css - 200 OK (0ms)


Started GET "/assets/defaults.js" for 127.0.0.1 at 2011-12-13 01:46:27 -0600
Served asset /defaults.js - 404 Not Found (2ms)

ActionController::RoutingError (No route matches [GET] "/assets/defaults.js"):
  

Rendered /Users/cato/.rvm/gems/ruby-1.9.2-p290@rails31/gems/actionpack-3.1.1/lib/action_dispatch/middleware/templates/rescues/routing_error.erb within rescues/layout (0.7ms)


Started GET "/assets/app.css?body=1" for 127.0.0.1 at 2011-12-13 01:46:27 -0600
Served asset /app.css - 200 OK (3ms)


Started POST "/dashboard/render_event_response?source=twitter&type=submit" for 127.0.0.1 at 2011-12-13 01:46:38 -0600
  Processing by DashboardController#render_event_response as HTML
  Parameters: {"utf8"=>"✓", "authenticity_token"=>"WC21OMybSmm33XMC54HldxsWaaBHvEbC05R/QqZI5Nw=", "text"=>"I am a tweet", "commit"=>"Tweet!", "source"=>"twitter", "type"=>"submit"}
  [1m[36mSQL (37.2ms)[0m  [1mINSERT INTO "tweets" ("created_at", "text", "updated_at") VALUES (?, ?, ?)[0m  [["created_at", Tue, 13 Dec 2011 07:46:38 UTC +00:00], ["text", "I am a tweet"], ["updated_at", Tue, 13 Dec 2011 07:46:38 UTC +00:00]]
  [1m[35mTweet Load (0.1ms)[0m  SELECT "tweets".* FROM "tweets" 
Rendered app/widgets/twitter/display.html.haml (2.1ms)
Rendered text template (0.0ms)
Completed 200 OK in 96ms (Views: 17.0ms | ActiveRecord: 38.0ms)


Started GET "/dashboard/index" for 127.0.0.1 at 2011-12-13 01:50:59 -0600
  Processing by DashboardController#index as HTML
  [1m[36mTweet Load (0.1ms)[0m  [1mSELECT "tweets".* FROM "tweets" [0m
Rendered app/widgets/twitter/display.html.haml (71.3ms)
Rendered dashboard/index.html.haml within layouts/application (99.0ms)
Completed 200 OK in 112ms (Views: 111.3ms | ActiveRecord: 0.7ms)


Started GET "/assets/defaults.js" for 127.0.0.1 at 2011-12-13 01:51:00 -0600
Served asset /defaults.js - 404 Not Found (7ms)

ActionController::RoutingError (No route matches [GET] "/assets/defaults.js"):
  

Rendered /Users/cato/.rvm/gems/ruby-1.9.2-p290@rails31/gems/actionpack-3.1.1/lib/action_dispatch/middleware/templates/rescues/routing_error.erb within rescues/layout (0.8ms)


Started GET "/assets/app.css?body=1" for 127.0.0.1 at 2011-12-13 01:51:00 -0600
Served asset /app.css - 304 Not Modified (0ms)


Started GET "/dashboard/index" for 127.0.0.1 at 2011-12-13 01:51:24 -0600
  Processing by DashboardController#index as HTML
  [1m[35mTweet Load (0.1ms)[0m  SELECT "tweets".* FROM "tweets" 
Rendered app/widgets/twitter/display.html.haml (8.3ms)
Rendered dashboard/index.html.haml within layouts/application (30.1ms)
Completed 200 OK in 41ms (Views: 39.6ms | ActiveRecord: 0.7ms)


Started GET "/assets/defaults.js" for 127.0.0.1 at 2011-12-13 01:51:24 -0600
Served asset /defaults.js - 404 Not Found (3ms)

ActionController::RoutingError (No route matches [GET] "/assets/defaults.js"):
  

Rendered /Users/cato/.rvm/gems/ruby-1.9.2-p290@rails31/gems/actionpack-3.1.1/lib/action_dispatch/middleware/templates/rescues/routing_error.erb within rescues/layout (0.7ms)


Started GET "/assets/app.css?body=1" for 127.0.0.1 at 2011-12-13 01:51:24 -0600
Served asset /app.css - 304 Not Modified (0ms)


Started POST "/dashboard/render_event_response?source=twitter&type=submit" for 127.0.0.1 at 2011-12-13 01:51:31 -0600
  Processing by DashboardController#render_event_response as HTML
  Parameters: {"utf8"=>"✓", "authenticity_token"=>"WC21OMybSmm33XMC54HldxsWaaBHvEbC05R/QqZI5Nw=", "text"=>"I am tweeting", "commit"=>"Tweet!", "source"=>"twitter", "type"=>"submit"}
  [1m[36mSQL (1.3ms)[0m  [1mINSERT INTO "tweets" ("created_at", "text", "updated_at") VALUES (?, ?, ?)[0m  [["created_at", Tue, 13 Dec 2011 07:51:31 UTC +00:00], ["text", "I am tweeting"], ["updated_at", Tue, 13 Dec 2011 07:51:31 UTC +00:00]]
  [1m[35mTweet Load (0.1ms)[0m  SELECT "tweets".* FROM "tweets" 
Rendered app/widgets/twitter/display.html.haml (2.4ms)
Rendered text template (0.0ms)
Completed 200 OK in 105ms (Views: 4.3ms | ActiveRecord: 2.0ms)


Started GET "/dashboard/index" for 127.0.0.1 at 2011-12-13 01:54:21 -0600
  Processing by DashboardController#index as HTML
  [1m[36mTweet Load (0.1ms)[0m  [1mSELECT "tweets".* FROM "tweets" [0m
Rendered app/widgets/twitter/display.html.haml (9.1ms)
Rendered dashboard/index.html.haml within layouts/application (31.9ms)
Completed 200 OK in 47ms (Views: 45.5ms | ActiveRecord: 0.8ms)


Started GET "/assets/app.css?body=1" for 127.0.0.1 at 2011-12-13 01:54:21 -0600
Served asset /app.css - 304 Not Modified (0ms)


Started GET "/assets/defaults.js" for 127.0.0.1 at 2011-12-13 01:54:21 -0600
Served asset /defaults.js - 404 Not Found (3ms)

ActionController::RoutingError (No route matches [GET] "/assets/defaults.js"):
  

Rendered /Users/cato/.rvm/gems/ruby-1.9.2-p290@rails31/gems/actionpack-3.1.1/lib/action_dispatch/middleware/templates/rescues/routing_error.erb within rescues/layout (0.9ms)


Started POST "/dashboard/render_event_response?source=twitter&type=submit" for 127.0.0.1 at 2011-12-13 01:54:29 -0600
  Processing by DashboardController#render_event_response as HTML
  Parameters: {"utf8"=>"✓", "authenticity_token"=>"WC21OMybSmm33XMC54HldxsWaaBHvEbC05R/QqZI5Nw=", "text"=>"I tweet on.", "commit"=>"Tweet!", "source"=>"twitter", "type"=>"submit"}
  [1m[35mSQL (0.7ms)[0m  INSERT INTO "tweets" ("created_at", "text", "updated_at") VALUES (?, ?, ?)  [["created_at", Tue, 13 Dec 2011 07:54:29 UTC +00:00], ["text", "I tweet on."], ["updated_at", Tue, 13 Dec 2011 07:54:29 UTC +00:00]]
  [1m[36mTweet Load (0.1ms)[0m  [1mSELECT "tweets".* FROM "tweets" [0m
Rendered app/widgets/twitter/display.html.haml (2.2ms)
Rendered text template (0.0ms)
Completed 200 OK in 117ms (Views: 3.9ms | ActiveRecord: 1.5ms)


Started GET "/dashboard/index" for 127.0.0.1 at 2011-12-13 02:03:51 -0600
  Processing by DashboardController#index as HTML
  [1m[35mTweet Load (0.1ms)[0m  SELECT "tweets".* FROM "tweets" 
Rendered app/widgets/twitter/display.html.haml (6.5ms)
Rendered dashboard/index.html.haml within layouts/application (29.0ms)
Compiled application.js  (4ms)  (pid 4889)
Compiled jquery.js  (2ms)  (pid 4889)
Compiled jquery_ujs.js  (65ms)  (pid 4889)
Compiled dashboard.js  (464ms)  (pid 4889)
Completed 200 OK in 644ms (Views: 643.0ms | ActiveRecord: 0.8ms)


Started GET "/assets/jquery.js?body=1" for 127.0.0.1 at 2011-12-13 02:03:52 -0600
Served asset /jquery.js - 304 Not Modified (47ms)


Started GET "/assets/jquery_ujs.js?body=1" for 127.0.0.1 at 2011-12-13 02:03:52 -0600
Served asset /jquery_ujs.js - 304 Not Modified (2ms)


Started GET "/assets/dashboard.js?body=1" for 127.0.0.1 at 2011-12-13 02:03:52 -0600
Served asset /dashboard.js - 200 OK (2ms)


Started GET "/assets/application.js?body=1" for 127.0.0.1 at 2011-12-13 02:03:52 -0600
Served asset /application.js - 200 OK (0ms)


Started GET "/assets/application.css?body=1" for 127.0.0.1 at 2011-12-13 02:03:52 -0600
Served asset /application.css - 304 Not Modified (0ms)


Started GET "/assets/app.css?body=1" for 127.0.0.1 at 2011-12-13 02:03:52 -0600
Served asset /app.css - 304 Not Modified (0ms)


Started GET "/assets/dashboard.css?body=1" for 127.0.0.1 at 2011-12-13 02:03:53 -0600
Served asset /dashboard.css - 304 Not Modified (0ms)


Started POST "/dashboard/render_event_response?source=twitter&type=submit" for 127.0.0.1 at 2011-12-13 02:04:00 -0600
  Processing by DashboardController#render_event_response as JS
  Parameters: {"utf8"=>"✓", "authenticity_token"=>"WC21OMybSmm33XMC54HldxsWaaBHvEbC05R/QqZI5Nw=", "text"=>"another tweet", "commit"=>"Tweet!", "source"=>"twitter", "type"=>"submit"}
  [1m[36mSQL (0.7ms)[0m  [1mINSERT INTO "tweets" ("created_at", "text", "updated_at") VALUES (?, ?, ?)[0m  [["created_at", Tue, 13 Dec 2011 08:04:00 UTC +00:00], ["text", "another tweet"], ["updated_at", Tue, 13 Dec 2011 08:04:00 UTC +00:00]]
  [1m[35mTweet Load (0.1ms)[0m  SELECT "tweets".* FROM "tweets" 
Rendered app/widgets/twitter/display.html.haml (2.5ms)
Rendered text template (0.0ms)
Completed 200 OK in 44ms (Views: 3.5ms | ActiveRecord: 1.5ms)


Started GET "/dashboard/index" for 127.0.0.1 at 2011-12-13 02:04:11 -0600
  Processing by DashboardController#index as HTML
  [1m[36mTweet Load (0.1ms)[0m  [1mSELECT "tweets".* FROM "tweets" [0m
Rendered app/widgets/twitter/display.html.haml (5.7ms)
Rendered dashboard/index.html.haml within layouts/application (27.9ms)
Completed 200 OK in 36ms (Views: 35.0ms | ActiveRecord: 0.8ms)


Started GET "/assets/application.js?body=1" for 127.0.0.1 at 2011-12-13 02:04:11 -0600
Served asset /application.js - 304 Not Modified (0ms)


Started GET "/assets/dashboard.js?body=1" for 127.0.0.1 at 2011-12-13 02:04:11 -0600
Served asset /dashboard.js - 304 Not Modified (0ms)


Started GET "/assets/application.css?body=1" for 127.0.0.1 at 2011-12-13 02:04:11 -0600
Served asset /application.css - 304 Not Modified (0ms)


Started GET "/assets/app.css?body=1" for 127.0.0.1 at 2011-12-13 02:04:11 -0600
Served asset /app.css - 304 Not Modified (0ms)


Started GET "/assets/jquery_ujs.js?body=1" for 127.0.0.1 at 2011-12-13 02:04:11 -0600
Served asset /jquery_ujs.js - 304 Not Modified (0ms)


Started GET "/assets/dashboard.css?body=1" for 127.0.0.1 at 2011-12-13 02:04:11 -0600
Served asset /dashboard.css - 304 Not Modified (0ms)


Started GET "/assets/jquery.js?body=1" for 127.0.0.1 at 2011-12-13 02:04:11 -0600
Served asset /jquery.js - 304 Not Modified (0ms)
  [1m[36m (0.1ms)[0m  [1mselect sqlite_version(*)[0m
  [1m[35m (2.9ms)[0m  CREATE TABLE "schema_migrations" ("version" varchar(255) NOT NULL) 
  [1m[36m (0.1ms)[0m  [1mPRAGMA index_list("schema_migrations")[0m
  [1m[35m (1.6ms)[0m  CREATE UNIQUE INDEX "unique_schema_migrations" ON "schema_migrations" ("version")
  [1m[36m (0.1ms)[0m  [1mSELECT "schema_migrations"."version" FROM "schema_migrations" [0m
Migrating to CreateTweets (20111213063722)
  [1m[35m (2.4ms)[0m  CREATE TABLE "tweets" ("id" INTEGER PRIMARY KEY AUTOINCREMENT NOT NULL, "text" varchar(255), "created_at" datetime, "updated_at" datetime) 
  [1m[36m (0.3ms)[0m  [1mINSERT INTO "schema_migrations" ("version") VALUES ('20111213063722')[0m
  [1m[35m (0.4ms)[0m  select sqlite_version(*)
  [1m[36m (0.2ms)[0m  [1mSELECT "schema_migrations"."version" FROM "schema_migrations" [0m
  [1m[35m (0.0ms)[0m  PRAGMA index_list("tweets")


Started GET "/dashboard/index" for 127.0.0.1 at 2011-12-13 02:05:45 -0600
  Processing by DashboardController#index as HTML
  [1m[35mTweet Load (0.1ms)[0m  SELECT "tweets".* FROM "tweets" 
Rendered app/widgets/twitter/display.html.haml (1.9ms)
Rendered dashboard/index.html.haml within layouts/application (30.7ms)
Completed 200 OK in 45ms (Views: 44.4ms | ActiveRecord: 0.6ms)


Started GET "/assets/dashboard.js?body=1" for 127.0.0.1 at 2011-12-13 02:05:45 -0600
Served asset /dashboard.js - 304 Not Modified (0ms)


Started GET "/assets/jquery_ujs.js?body=1" for 127.0.0.1 at 2011-12-13 02:05:45 -0600
Served asset /jquery_ujs.js - 304 Not Modified (0ms)


Started GET "/assets/jquery.js?body=1" for 127.0.0.1 at 2011-12-13 02:05:45 -0600
Served asset /jquery.js - 304 Not Modified (0ms)


Started GET "/assets/application.js?body=1" for 127.0.0.1 at 2011-12-13 02:05:45 -0600
Served asset /application.js - 304 Not Modified (0ms)


Started GET "/assets/application.css?body=1" for 127.0.0.1 at 2011-12-13 02:05:45 -0600
Served asset /application.css - 304 Not Modified (0ms)


Started GET "/assets/app.css?body=1" for 127.0.0.1 at 2011-12-13 02:05:45 -0600
Served asset /app.css - 304 Not Modified (0ms)


Started GET "/assets/dashboard.css?body=1" for 127.0.0.1 at 2011-12-13 02:05:45 -0600
Served asset /dashboard.css - 304 Not Modified (0ms)
  [1m[36m (0.1ms)[0m  [1mSELECT "schema_migrations"."version" FROM "schema_migrations" [0m
Migrating to CreateTweets (20111213063722)
  [1m[35m (0.3ms)[0m  select sqlite_version(*)
  [1m[36m (0.1ms)[0m  [1mSELECT "schema_migrations"."version" FROM "schema_migrations" [0m
  [1m[35m (0.0ms)[0m  PRAGMA index_list("tweets")


Started GET "/dashboard/index" for 127.0.0.1 at 2011-12-13 03:27:29 -0600
  Processing by DashboardController#index as HTML
  [1m[36mTweet Load (0.1ms)[0m  [1mSELECT "tweets".* FROM "tweets" [0m
ERROR: compiling _app_widgets_twitter_display_html_haml___4519035074486487924_2159898680 RAISED /Users/cato/Sites/rails_apps/apotomo_tutorial/02_states_and_views/app/widgets/twitter/display.html.haml:2: syntax error, unexpected ',', expecting ')'
...se(( render ({:state => :list}, @tweets)
...                               ^
/Users/cato/Sites/rails_apps/apotomo_tutorial/02_states_and_views/app/widgets/twitter/display.html.haml:3: syntax error, unexpected ')', expecting '}'
));}\n#{
  ^
Function body:           def _app_widgets_twitter_display_html_haml___4519035074486487924_2159898680(local_assigns, output_buffer)
            _old_virtual_path, @virtual_path = @virtual_path, "twitter/display";_old_output_buffer = @output_buffer;;begin;extend Haml::Helpers;_hamlout = @haml_buffer = Haml::Buffer.new(@haml_buffer, {:autoclose=>["meta", "img", "link", "br", "hr", "input", "area", "param", "col", "base"], :preserve=>["textarea", "pre", "code"], :attr_wrapper=>"'", :ugly=>false, :format=>:html5, :encoding=>"UTF-8", :escape_html=>true, :escape_attrs=>true});_erbout = _hamlout.buffer;__in_erb_template = true;;haml_temp =  widget_div do
_hamlout.push_text("#{_hamlout.format_script_false_false_false_true_false_true_false(( render ({:state => :list}, @tweets)
));}\n#{
_hamlout.format_script_false_false_false_true_false_true_false(( render :state => :form
));}\n", 0, false);end
_hamlout.buffer << _hamlout.format_script_false_false_false_true_false_false_false(haml_temp);_hamlout.push_text("\n", 0, false);::Haml::Util.html_safe(_erbout);ensure;@haml_buffer = @haml_buffer.upper if @haml_buffer;end;
          ensure
            @virtual_path, @output_buffer = _old_virtual_path, _old_output_buffer
          end
Backtrace: /Users/cato/.rvm/gems/ruby-1.9.2-p290@rails31/gems/actionpack-3.1.1/lib/action_view/template.rb:282:in `module_eval'
/Users/cato/.rvm/gems/ruby-1.9.2-p290@rails31/gems/actionpack-3.1.1/lib/action_view/template.rb:282:in `compile'
/Users/cato/.rvm/gems/ruby-1.9.2-p290@rails31/gems/actionpack-3.1.1/lib/action_view/template.rb:190:in `compile!'
/Users/cato/.rvm/gems/ruby-1.9.2-p290@rails31/gems/actionpack-3.1.1/lib/action_view/template.rb:143:in `block in render'
/Users/cato/.rvm/gems/ruby-1.9.2-p290@rails31/gems/activesupport-3.1.1/lib/active_support/notifications.rb:55:in `instrument'
/Users/cato/.rvm/gems/ruby-1.9.2-p290@rails31/gems/actionpack-3.1.1/lib/action_view/template.rb:142:in `render'
/Users/cato/.rvm/gems/ruby-1.9.2-p290@rails31/gems/actionpack-3.1.1/lib/action_view/renderer/template_renderer.rb:40:in `block (2 levels) in render_template'
/Users/cato/.rvm/gems/ruby-1.9.2-p290@rails31/gems/actionpack-3.1.1/lib/action_view/renderer/abstract_renderer.rb:33:in `block in instrument'
/Users/cato/.rvm/gems/ruby-1.9.2-p290@rails31/gems/activesupport-3.1.1/lib/active_support/notifications.rb:53:in `block in instrument'
/Users/cato/.rvm/gems/ruby-1.9.2-p290@rails31/gems/activesupport-3.1.1/lib/active_support/notifications/instrumenter.rb:21:in `instrument'
/Users/cato/.rvm/gems/ruby-1.9.2-p290@rails31/gems/activesupport-3.1.1/lib/active_support/notifications.rb:53:in `instrument'
/Users/cato/.rvm/gems/ruby-1.9.2-p290@rails31/gems/actionpack-3.1.1/lib/action_view/renderer/abstract_renderer.rb:33:in `instrument'
/Users/cato/.rvm/gems/ruby-1.9.2-p290@rails31/gems/actionpack-3.1.1/lib/action_view/renderer/template_renderer.rb:39:in `block in render_template'
/Users/cato/.rvm/gems/ruby-1.9.2-p290@rails31/gems/actionpack-3.1.1/lib/action_view/renderer/template_renderer.rb:47:in `render_with_layout'
/Users/cato/.rvm/gems/ruby-1.9.2-p290@rails31/gems/actionpack-3.1.1/lib/action_view/renderer/template_renderer.rb:38:in `render_template'
/Users/cato/.rvm/gems/ruby-1.9.2-p290@rails31/gems/actionpack-3.1.1/lib/action_view/renderer/template_renderer.rb:12:in `block in render'
/Users/cato/.rvm/gems/ruby-1.9.2-p290@rails31/gems/actionpack-3.1.1/lib/action_view/renderer/abstract_renderer.rb:22:in `wrap_formats'
/Users/cato/.rvm/gems/ruby-1.9.2-p290@rails31/gems/actionpack-3.1.1/lib/action_view/renderer/template_renderer.rb:9:in `render'
/Users/cato/.rvm/gems/ruby-1.9.2-p290@rails31/gems/actionpack-3.1.1/lib/action_view/renderer/renderer.rb:36:in `render_template'
/Users/cato/.rvm/gems/ruby-1.9.2-p290@rails31/gems/actionpack-3.1.1/lib/action_view/renderer/renderer.rb:17:in `render'
/Users/cato/.rvm/gems/ruby-1.9.2-p290@rails31/gems/actionpack-3.1.1/lib/abstract_controller/rendering.rb:120:in `_render_template'
/Users/cato/.rvm/gems/ruby-1.9.2-p290@rails31/gems/actionpack-3.1.1/lib/abstract_controller/rendering.rb:114:in `render_to_body'
/Users/cato/.rvm/gems/ruby-1.9.2-p290@rails31/gems/actionpack-3.1.1/lib/abstract_controller/rendering.rb:107:in `render_to_string'
/Users/cato/.rvm/gems/ruby-1.9.2-p290@rails31/gems/cells-3.7.0/lib/cell/rails.rb:138:in `render_view_for'
/Users/cato/.rvm/gems/ruby-1.9.2-p290@rails31/gems/cells-3.7.0/lib/cell/rails.rb:121:in `render'
/Users/cato/.rvm/gems/ruby-1.9.2-p290@rails31/gems/apotomo-1.2.1/lib/apotomo/widget.rb:128:in `render'
/Users/cato/Sites/rails_apps/apotomo_tutorial/02_states_and_views/app/widgets/twitter_widget.rb:6:in `display'
/Users/cato/.rvm/gems/ruby-1.9.2-p290@rails31/gems/actionpack-3.1.1/lib/abstract_controller/base.rb:167:in `process_action'
/Users/cato/.rvm/gems/ruby-1.9.2-p290@rails31/gems/actionpack-3.1.1/lib/abstract_controller/callbacks.rb:18:in `block in process_action'
/Users/cato/.rvm/gems/ruby-1.9.2-p290@rails31/gems/activesupport-3.1.1/lib/active_support/callbacks.rb:407:in `_run__3443596828349526599__process_action__1699369928742106810__callbacks'
/Users/cato/.rvm/gems/ruby-1.9.2-p290@rails31/gems/activesupport-3.1.1/lib/active_support/callbacks.rb:386:in `_run_process_action_callbacks'
/Users/cato/.rvm/gems/ruby-1.9.2-p290@rails31/gems/activesupport-3.1.1/lib/active_support/callbacks.rb:81:in `run_callbacks'
/Users/cato/.rvm/gems/ruby-1.9.2-p290@rails31/gems/actionpack-3.1.1/lib/abstract_controller/callbacks.rb:17:in `process_action'
/Users/cato/.rvm/gems/ruby-1.9.2-p290@rails31/gems/actionpack-3.1.1/lib/abstract_controller/base.rb:121:in `process'
/Users/cato/.rvm/gems/ruby-1.9.2-p290@rails31/gems/actionpack-3.1.1/lib/abstract_controller/rendering.rb:45:in `process'
/Users/cato/.rvm/gems/ruby-1.9.2-p290@rails31/gems/cells-3.7.0/lib/cell/rails.rb:30:in `render_state'
/Users/cato/.rvm/gems/ruby-1.9.2-p290@rails31/gems/cells-3.7.0/lib/cell/caching.rb:96:in `render_state'
/Users/cato/.rvm/gems/ruby-1.9.2-p290@rails31/gems/apotomo-1.2.1/lib/apotomo/widget.rb:105:in `invoke'
/Users/cato/.rvm/gems/ruby-1.9.2-p290@rails31/gems/apotomo-1.2.1/lib/apotomo/widget.rb:159:in `render_widget'
/Users/cato/.rvm/gems/ruby-1.9.2-p290@rails31/gems/apotomo-1.2.1/lib/apotomo/request_processor.rb:39:in `render_widget_for'
/Users/cato/.rvm/gems/ruby-1.9.2-p290@rails31/gems/apotomo-1.2.1/lib/apotomo/rails/controller_methods.rb:61:in `render_widget'
/Users/cato/.rvm/gems/ruby-1.9.2-p290@rails31/gems/apotomo-1.2.1/lib/apotomo/rails/controller_methods.rb:15:in `render_widget'
/Users/cato/Sites/rails_apps/apotomo_tutorial/02_states_and_views/app/views/dashboard/index.html.haml:5:in `_app_views_dashboard_index_html_haml___957627520419314523_2157760160'
/Users/cato/.rvm/gems/ruby-1.9.2-p290@rails31/gems/actionpack-3.1.1/lib/action_view/template.rb:144:in `block in render'
/Users/cato/.rvm/gems/ruby-1.9.2-p290@rails31/gems/activesupport-3.1.1/lib/active_support/notifications.rb:55:in `instrument'
/Users/cato/.rvm/gems/ruby-1.9.2-p290@rails31/gems/actionpack-3.1.1/lib/action_view/template.rb:142:in `render'
/Users/cato/.rvm/gems/ruby-1.9.2-p290@rails31/gems/actionpack-3.1.1/lib/action_view/renderer/template_renderer.rb:40:in `block (2 levels) in render_template'
/Users/cato/.rvm/gems/ruby-1.9.2-p290@rails31/gems/actionpack-3.1.1/lib/action_view/renderer/abstract_renderer.rb:33:in `block in instrument'
/Users/cato/.rvm/gems/ruby-1.9.2-p290@rails31/gems/activesupport-3.1.1/lib/active_support/notifications.rb:53:in `block in instrument'
/Users/cato/.rvm/gems/ruby-1.9.2-p290@rails31/gems/activesupport-3.1.1/lib/active_support/notifications/instrumenter.rb:21:in `instrument'
/Users/cato/.rvm/gems/ruby-1.9.2-p290@rails31/gems/activesupport-3.1.1/lib/active_support/notifications.rb:53:in `instrument'
/Users/cato/.rvm/gems/ruby-1.9.2-p290@rails31/gems/actionpack-3.1.1/lib/action_view/renderer/abstract_renderer.rb:33:in `instrument'
/Users/cato/.rvm/gems/ruby-1.9.2-p290@rails31/gems/actionpack-3.1.1/lib/action_view/renderer/template_renderer.rb:39:in `block in render_template'
/Users/cato/.rvm/gems/ruby-1.9.2-p290@rails31/gems/actionpack-3.1.1/lib/action_view/renderer/template_renderer.rb:47:in `render_with_layout'
/Users/cato/.rvm/gems/ruby-1.9.2-p290@rails31/gems/actionpack-3.1.1/lib/action_view/renderer/template_renderer.rb:38:in `render_template'
/Users/cato/.rvm/gems/ruby-1.9.2-p290@rails31/gems/actionpack-3.1.1/lib/action_view/renderer/template_renderer.rb:12:in `block in render'
/Users/cato/.rvm/gems/ruby-1.9.2-p290@rails31/gems/actionpack-3.1.1/lib/action_view/renderer/abstract_renderer.rb:22:in `wrap_formats'
/Users/cato/.rvm/gems/ruby-1.9.2-p290@rails31/gems/actionpack-3.1.1/lib/action_view/renderer/template_renderer.rb:9:in `render'
/Users/cato/.rvm/gems/ruby-1.9.2-p290@rails31/gems/actionpack-3.1.1/lib/action_view/renderer/renderer.rb:36:in `render_template'
/Users/cato/.rvm/gems/ruby-1.9.2-p290@rails31/gems/actionpack-3.1.1/lib/action_view/renderer/renderer.rb:17:in `render'
/Users/cato/.rvm/gems/ruby-1.9.2-p290@rails31/gems/actionpack-3.1.1/lib/abstract_controller/rendering.rb:120:in `_render_template'
/Users/cato/.rvm/gems/ruby-1.9.2-p290@rails31/gems/actionpack-3.1.1/lib/action_controller/metal/streaming.rb:250:in `_render_template'
/Users/cato/.rvm/gems/ruby-1.9.2-p290@rails31/gems/actionpack-3.1.1/lib/abstract_controller/rendering.rb:114:in `render_to_body'
/Users/cato/.rvm/gems/ruby-1.9.2-p290@rails31/gems/actionpack-3.1.1/lib/action_controller/metal/renderers.rb:30:in `render_to_body'
/Users/cato/.rvm/gems/ruby-1.9.2-p290@rails31/gems/actionpack-3.1.1/lib/action_controller/metal/compatibility.rb:43:in `render_to_body'
/Users/cato/.rvm/gems/ruby-1.9.2-p290@rails31/gems/actionpack-3.1.1/lib/abstract_controller/rendering.rb:99:in `render'
/Users/cato/.rvm/gems/ruby-1.9.2-p290@rails31/gems/actionpack-3.1.1/lib/action_controller/metal/rendering.rb:16:in `render'
/Users/cato/.rvm/gems/ruby-1.9.2-p290@rails31/gems/actionpack-3.1.1/lib/action_controller/metal/instrumentation.rb:40:in `block (2 levels) in render'
/Users/cato/.rvm/gems/ruby-1.9.2-p290@rails31/gems/activesupport-3.1.1/lib/active_support/core_ext/benchmark.rb:5:in `block in ms'
/Users/cato/.rvm/rubies/ruby-1.9.2-p290/lib/ruby/1.9.1/benchmark.rb:310:in `realtime'
/Users/cato/.rvm/gems/ruby-1.9.2-p290@rails31/gems/activesupport-3.1.1/lib/active_support/core_ext/benchmark.rb:5:in `ms'
/Users/cato/.rvm/gems/ruby-1.9.2-p290@rails31/gems/actionpack-3.1.1/lib/action_controller/metal/instrumentation.rb:40:in `block in render'
/Users/cato/.rvm/gems/ruby-1.9.2-p290@rails31/gems/actionpack-3.1.1/lib/action_controller/metal/instrumentation.rb:78:in `cleanup_view_runtime'
/Users/cato/.rvm/gems/ruby-1.9.2-p290@rails31/gems/activerecord-3.1.1/lib/active_record/railties/controller_runtime.rb:24:in `cleanup_view_runtime'
/Users/cato/.rvm/gems/ruby-1.9.2-p290@rails31/gems/actionpack-3.1.1/lib/action_controller/metal/instrumentation.rb:39:in `render'
/Users/cato/.rvm/gems/ruby-1.9.2-p290@rails31/gems/actionpack-3.1.1/lib/action_controller/metal/implicit_render.rb:10:in `default_render'
/Users/cato/.rvm/gems/ruby-1.9.2-p290@rails31/gems/actionpack-3.1.1/lib/action_controller/metal/implicit_render.rb:5:in `send_action'
/Users/cato/.rvm/gems/ruby-1.9.2-p290@rails31/gems/actionpack-3.1.1/lib/abstract_controller/base.rb:167:in `process_action'
/Users/cato/.rvm/gems/ruby-1.9.2-p290@rails31/gems/actionpack-3.1.1/lib/action_controller/metal/rendering.rb:10:in `process_action'
/Users/cato/.rvm/gems/ruby-1.9.2-p290@rails31/gems/actionpack-3.1.1/lib/abstract_controller/callbacks.rb:18:in `block in process_action'
/Users/cato/.rvm/gems/ruby-1.9.2-p290@rails31/gems/activesupport-3.1.1/lib/active_support/callbacks.rb:416:in `_run__77147642045315505__process_action__1356130249432463425__callbacks'
/Users/cato/.rvm/gems/ruby-1.9.2-p290@rails31/gems/activesupport-3.1.1/lib/active_support/callbacks.rb:386:in `_run_process_action_callbacks'
/Users/cato/.rvm/gems/ruby-1.9.2-p290@rails31/gems/activesupport-3.1.1/lib/active_support/callbacks.rb:81:in `run_callbacks'
/Users/cato/.rvm/gems/ruby-1.9.2-p290@rails31/gems/actionpack-3.1.1/lib/abstract_controller/callbacks.rb:17:in `process_action'
/Users/cato/.rvm/gems/ruby-1.9.2-p290@rails31/gems/actionpack-3.1.1/lib/action_controller/metal/rescue.rb:17:in `process_action'
/Users/cato/.rvm/gems/ruby-1.9.2-p290@rails31/gems/actionpack-3.1.1/lib/action_controller/metal/instrumentation.rb:30:in `block in process_action'
/Users/cato/.rvm/gems/ruby-1.9.2-p290@rails31/gems/activesupport-3.1.1/lib/active_support/notifications.rb:53:in `block in instrument'
/Users/cato/.rvm/gems/ruby-1.9.2-p290@rails31/gems/activesupport-3.1.1/lib/active_support/notifications/instrumenter.rb:21:in `instrument'
/Users/cato/.rvm/gems/ruby-1.9.2-p290@rails31/gems/activesupport-3.1.1/lib/active_support/notifications.rb:53:in `instrument'
/Users/cato/.rvm/gems/ruby-1.9.2-p290@rails31/gems/actionpack-3.1.1/lib/action_controller/metal/instrumentation.rb:29:in `process_action'
/Users/cato/.rvm/gems/ruby-1.9.2-p290@rails31/gems/actionpack-3.1.1/lib/action_controller/metal/params_wrapper.rb:201:in `process_action'
/Users/cato/.rvm/gems/ruby-1.9.2-p290@rails31/gems/activerecord-3.1.1/lib/active_record/railties/controller_runtime.rb:18:in `process_action'
/Users/cato/.rvm/gems/ruby-1.9.2-p290@rails31/gems/actionpack-3.1.1/lib/abstract_controller/base.rb:121:in `process'
/Users/cato/.rvm/gems/ruby-1.9.2-p290@rails31/gems/actionpack-3.1.1/lib/abstract_controller/rendering.rb:45:in `process'
/Users/cato/.rvm/gems/ruby-1.9.2-p290@rails31/gems/actionpack-3.1.1/lib/action_controller/metal.rb:193:in `dispatch'
/Users/cato/.rvm/gems/ruby-1.9.2-p290@rails31/gems/actionpack-3.1.1/lib/action_controller/metal/rack_delegation.rb:14:in `dispatch'
/Users/cato/.rvm/gems/ruby-1.9.2-p290@rails31/gems/actionpack-3.1.1/lib/action_controller/metal.rb:236:in `block in action'
/Users/cato/.rvm/gems/ruby-1.9.2-p290@rails31/gems/actionpack-3.1.1/lib/action_dispatch/routing/route_set.rb:65:in `call'
/Users/cato/.rvm/gems/ruby-1.9.2-p290@rails31/gems/actionpack-3.1.1/lib/action_dispatch/routing/route_set.rb:65:in `dispatch'
/Users/cato/.rvm/gems/ruby-1.9.2-p290@rails31/gems/actionpack-3.1.1/lib/action_dispatch/routing/route_set.rb:29:in `call'
/Users/cato/.rvm/gems/ruby-1.9.2-p290@rails31/gems/rack-mount-0.8.3/lib/rack/mount/route_set.rb:152:in `block in call'
/Users/cato/.rvm/gems/ruby-1.9.2-p290@rails31/gems/rack-mount-0.8.3/lib/rack/mount/code_generation.rb:96:in `block in recognize'
/Users/cato/.rvm/gems/ruby-1.9.2-p290@rails31/gems/rack-mount-0.8.3/lib/rack/mount/code_generation.rb:82:in `optimized_each'
/Users/cato/.rvm/gems/ruby-1.9.2-p290@rails31/gems/rack-mount-0.8.3/lib/rack/mount/code_generation.rb:95:in `recognize'
/Users/cato/.rvm/gems/ruby-1.9.2-p290@rails31/gems/rack-mount-0.8.3/lib/rack/mount/route_set.rb:141:in `call'
/Users/cato/.rvm/gems/ruby-1.9.2-p290@rails31/gems/actionpack-3.1.1/lib/action_dispatch/routing/route_set.rb:532:in `call'
/Users/cato/.rvm/gems/ruby-1.9.2-p290@rails31/gems/sass-3.1.11/lib/sass/plugin/rack.rb:54:in `call'
/Users/cato/.rvm/gems/ruby-1.9.2-p290@rails31/gems/actionpack-3.1.1/lib/action_dispatch/middleware/best_standards_support.rb:17:in `call'
/Users/cato/.rvm/gems/ruby-1.9.2-p290@rails31/gems/rack-1.3.5/lib/rack/etag.rb:23:in `call'
/Users/cato/.rvm/gems/ruby-1.9.2-p290@rails31/gems/rack-1.3.5/lib/rack/conditionalget.rb:25:in `call'
/Users/cato/.rvm/gems/ruby-1.9.2-p290@rails31/gems/actionpack-3.1.1/lib/action_dispatch/middleware/head.rb:14:in `call'
/Users/cato/.rvm/gems/ruby-1.9.2-p290@rails31/gems/actionpack-3.1.1/lib/action_dispatch/middleware/params_parser.rb:21:in `call'
/Users/cato/.rvm/gems/ruby-1.9.2-p290@rails31/gems/actionpack-3.1.1/lib/action_dispatch/middleware/flash.rb:243:in `call'
/Users/cato/.rvm/gems/ruby-1.9.2-p290@rails31/gems/rack-1.3.5/lib/rack/session/abstract/id.rb:195:in `context'
/Users/cato/.rvm/gems/ruby-1.9.2-p290@rails31/gems/rack-1.3.5/lib/rack/session/abstract/id.rb:190:in `call'
/Users/cato/.rvm/gems/ruby-1.9.2-p290@rails31/gems/actionpack-3.1.1/lib/action_dispatch/middleware/cookies.rb:331:in `call'
/Users/cato/.rvm/gems/ruby-1.9.2-p290@rails31/gems/activerecord-3.1.1/lib/active_record/query_cache.rb:62:in `call'
/Users/cato/.rvm/gems/ruby-1.9.2-p290@rails31/gems/activerecord-3.1.1/lib/active_record/connection_adapters/abstract/connection_pool.rb:477:in `call'
/Users/cato/.rvm/gems/ruby-1.9.2-p290@rails31/gems/actionpack-3.1.1/lib/action_dispatch/middleware/callbacks.rb:29:in `block in call'
/Users/cato/.rvm/gems/ruby-1.9.2-p290@rails31/gems/activesupport-3.1.1/lib/active_support/callbacks.rb:392:in `_run_call_callbacks'
/Users/cato/.rvm/gems/ruby-1.9.2-p290@rails31/gems/activesupport-3.1.1/lib/active_support/callbacks.rb:81:in `run_callbacks'
/Users/cato/.rvm/gems/ruby-1.9.2-p290@rails31/gems/actionpack-3.1.1/lib/action_dispatch/middleware/callbacks.rb:28:in `call'
/Users/cato/.rvm/gems/ruby-1.9.2-p290@rails31/gems/actionpack-3.1.1/lib/action_dispatch/middleware/reloader.rb:68:in `call'
/Users/cato/.rvm/gems/ruby-1.9.2-p290@rails31/gems/rack-1.3.5/lib/rack/sendfile.rb:101:in `call'
/Users/cato/.rvm/gems/ruby-1.9.2-p290@rails31/gems/actionpack-3.1.1/lib/action_dispatch/middleware/remote_ip.rb:48:in `call'
/Users/cato/.rvm/gems/ruby-1.9.2-p290@rails31/gems/actionpack-3.1.1/lib/action_dispatch/middleware/show_exceptions.rb:47:in `call'
/Users/cato/.rvm/gems/ruby-1.9.2-p290@rails31/gems/railties-3.1.1/lib/rails/rack/logger.rb:13:in `call'
/Users/cato/.rvm/gems/ruby-1.9.2-p290@rails31/gems/rack-1.3.5/lib/rack/methodoverride.rb:24:in `call'
/Users/cato/.rvm/gems/ruby-1.9.2-p290@rails31/gems/rack-1.3.5/lib/rack/runtime.rb:17:in `call'
/Users/cato/.rvm/gems/ruby-1.9.2-p290@rails31/gems/activesupport-3.1.1/lib/active_support/cache/strategy/local_cache.rb:72:in `call'
/Users/cato/.rvm/gems/ruby-1.9.2-p290@rails31/gems/rack-1.3.5/lib/rack/lock.rb:15:in `call'
/Users/cato/.rvm/gems/ruby-1.9.2-p290@rails31/gems/actionpack-3.1.1/lib/action_dispatch/middleware/static.rb:53:in `call'
/Users/cato/.rvm/gems/ruby-1.9.2-p290@rails31/gems/railties-3.1.1/lib/rails/engine.rb:456:in `call'
/Users/cato/.rvm/gems/ruby-1.9.2-p290@rails31/gems/railties-3.1.1/lib/rails/rack/content_length.rb:16:in `call'
/Users/cato/.rvm/gems/ruby-1.9.2-p290@rails31/gems/railties-3.1.1/lib/rails/rack/log_tailer.rb:14:in `call'
/Users/cato/.rvm/gems/ruby-1.9.2-p290@rails31/gems/rack-1.3.5/lib/rack/handler/webrick.rb:59:in `service'
/Users/cato/.rvm/rubies/ruby-1.9.2-p290/lib/ruby/1.9.1/webrick/httpserver.rb:111:in `service'
/Users/cato/.rvm/rubies/ruby-1.9.2-p290/lib/ruby/1.9.1/webrick/httpserver.rb:70:in `run'
/Users/cato/.rvm/rubies/ruby-1.9.2-p290/lib/ruby/1.9.1/webrick/server.rb:183:in `block in start_thread'
Rendered app/widgets/twitter/display.html.haml (2.8ms)
Rendered dashboard/index.html.haml within layouts/application (123.2ms)
Completed 500 Internal Server Error in 170ms

ActionView::Template::Error (/Users/cato/Sites/rails_apps/apotomo_tutorial/02_states_and_views/app/widgets/twitter/display.html.haml:2: syntax error, unexpected ',', expecting ')'
...se(( render ({:state => :list}, @tweets)
...                               ^
/Users/cato/Sites/rails_apps/apotomo_tutorial/02_states_and_views/app/widgets/twitter/display.html.haml:3: syntax error, unexpected ')', expecting '}'
));}\n#{
  ^):
    1: = widget_div do
    2: 	= render ({:state => :list}, @tweets)
    3: 
    4: 	= render :state => :form
  app/widgets/twitter_widget.rb:6:in `display'
  app/views/dashboard/index.html.haml:5:in `_app_views_dashboard_index_html_haml___957627520419314523_2157760160'

Rendered /Users/cato/.rvm/gems/ruby-1.9.2-p290@rails31/gems/actionpack-3.1.1/lib/action_dispatch/middleware/templates/rescues/_trace.erb (1.5ms)
Rendered /Users/cato/.rvm/gems/ruby-1.9.2-p290@rails31/gems/actionpack-3.1.1/lib/action_dispatch/middleware/templates/rescues/_request_and_response.erb (1.0ms)
Rendered /Users/cato/.rvm/gems/ruby-1.9.2-p290@rails31/gems/actionpack-3.1.1/lib/action_dispatch/middleware/templates/rescues/template_error.erb within rescues/layout (5.2ms)


Started GET "/dashboard/index" for 127.0.0.1 at 2011-12-13 03:28:29 -0600
  Processing by DashboardController#index as HTML
  [1m[35mTweet Load (0.1ms)[0m  SELECT "tweets".* FROM "tweets" 
Rendered app/widgets/twitter/list.haml (4.1ms)
Rendered text template (0.0ms)
Rendered app/widgets/twitter/form.haml (4.3ms)
Rendered app/widgets/twitter/display.html.haml (31.3ms)
Rendered dashboard/index.html.haml within layouts/application (63.4ms)
Completed 500 Internal Server Error in 74ms

ActionView::Template::Error (wrong number of arguments (1 for 2)):
    2: 	What are you up to?
    3: 	
    4: 	= form_tag url_for_event(:submit), :remote => true do
    5: 		= text_field "text"
    6: 		= submit_tag "Tweet!"
  app/widgets/twitter/form.haml:5:in `block in _app_widgets_twitter_form_haml__2283575224376717931_2170343580'
  app/widgets/twitter/form.haml:4:in `_app_widgets_twitter_form_haml__2283575224376717931_2170343580'
  app/widgets/twitter_widget.rb:19:in `form'
  app/widgets/twitter/display.html.haml:4:in `block in _app_widgets_twitter_display_html_haml___4519035074486487924_2173061160'
  app/widgets/twitter/display.html.haml:1:in `_app_widgets_twitter_display_html_haml___4519035074486487924_2173061160'
  app/widgets/twitter_widget.rb:6:in `display'
  app/views/dashboard/index.html.haml:5:in `_app_views_dashboard_index_html_haml___957627520419314523_2157760160'

Rendered /Users/cato/.rvm/gems/ruby-1.9.2-p290@rails31/gems/actionpack-3.1.1/lib/action_dispatch/middleware/templates/rescues/_trace.erb (1.6ms)
Rendered /Users/cato/.rvm/gems/ruby-1.9.2-p290@rails31/gems/actionpack-3.1.1/lib/action_dispatch/middleware/templates/rescues/_request_and_response.erb (1.4ms)
Rendered /Users/cato/.rvm/gems/ruby-1.9.2-p290@rails31/gems/actionpack-3.1.1/lib/action_dispatch/middleware/templates/rescues/template_error.erb within rescues/layout (6.0ms)


Started GET "/dashboard/index" for 127.0.0.1 at 2011-12-13 03:32:37 -0600
  Processing by DashboardController#index as HTML
  [1m[36mTweet Load (0.1ms)[0m  [1mSELECT "tweets".* FROM "tweets" [0m
Rendered app/widgets/twitter/list.haml (2.5ms)
Rendered text template (0.0ms)
Rendered app/widgets/twitter/form.haml (4.3ms)
Rendered app/widgets/twitter/display.html.haml (22.7ms)
Rendered dashboard/index.html.haml within layouts/application (141.4ms)
Completed 500 Internal Server Error in 185ms

ActionView::Template::Error (wrong number of arguments (1 for 2)):
    2: 	What are you up to?
    3: 	
    4: 	= form_tag url_for_event(:submit), :remote => true do |f|
    5: 		= text_field "text"
    6: 		= submit_tag "Tweet!"
  app/widgets/twitter/form.haml:5:in `block in _app_widgets_twitter_form_haml__2172378157636237095_2168766460'
  app/widgets/twitter/form.haml:4:in `_app_widgets_twitter_form_haml__2172378157636237095_2168766460'
  app/widgets/twitter_widget.rb:19:in `form'
  app/widgets/twitter/display.html.haml:4:in `block in _app_widgets_twitter_display_html_haml__4422653697470941057_2169643200'
  app/widgets/twitter/display.html.haml:1:in `_app_widgets_twitter_display_html_haml__4422653697470941057_2169643200'
  app/widgets/twitter_widget.rb:6:in `display'
  app/views/dashboard/index.html.haml:5:in `_app_views_dashboard_index_html_haml__1712226327976930410_2158852100'

Rendered /Users/cato/.rvm/gems/ruby-1.9.2-p290@rails31/gems/actionpack-3.1.1/lib/action_dispatch/middleware/templates/rescues/_trace.erb (2.1ms)
Rendered /Users/cato/.rvm/gems/ruby-1.9.2-p290@rails31/gems/actionpack-3.1.1/lib/action_dispatch/middleware/templates/rescues/_request_and_response.erb (1.2ms)
Rendered /Users/cato/.rvm/gems/ruby-1.9.2-p290@rails31/gems/actionpack-3.1.1/lib/action_dispatch/middleware/templates/rescues/template_error.erb within rescues/layout (40.5ms)


Started GET "/dashboard/index" for 127.0.0.1 at 2011-12-13 03:32:40 -0600
  Processing by DashboardController#index as HTML
  [1m[35mTweet Load (0.1ms)[0m  SELECT "tweets".* FROM "tweets" 
Rendered app/widgets/twitter/list.haml (0.1ms)
Rendered text template (0.0ms)
Rendered app/widgets/twitter/form.haml (7.7ms)
Rendered app/widgets/twitter/display.html.haml (14.6ms)
Rendered dashboard/index.html.haml within layouts/application (36.4ms)
Completed 500 Internal Server Error in 42ms

ActionView::Template::Error (wrong number of arguments (1 for 2)):
    2: 	What are you up to?
    3: 	
    4: 	= form_tag url_for_event(:submit), :remote => true do |f|
    5: 		= text_field "text"
    6: 		= submit_tag "Tweet!"
  app/widgets/twitter/form.haml:5:in `block in _app_widgets_twitter_form_haml__2172378157636237095_2168766460'
  app/widgets/twitter/form.haml:4:in `_app_widgets_twitter_form_haml__2172378157636237095_2168766460'
  app/widgets/twitter_widget.rb:19:in `form'
  app/widgets/twitter/display.html.haml:4:in `block in _app_widgets_twitter_display_html_haml__4422653697470941057_2169643200'
  app/widgets/twitter/display.html.haml:1:in `_app_widgets_twitter_display_html_haml__4422653697470941057_2169643200'
  app/widgets/twitter_widget.rb:6:in `display'
  app/views/dashboard/index.html.haml:5:in `_app_views_dashboard_index_html_haml__1712226327976930410_2158852100'

Rendered /Users/cato/.rvm/gems/ruby-1.9.2-p290@rails31/gems/actionpack-3.1.1/lib/action_dispatch/middleware/templates/rescues/_trace.erb (1.7ms)
Rendered /Users/cato/.rvm/gems/ruby-1.9.2-p290@rails31/gems/actionpack-3.1.1/lib/action_dispatch/middleware/templates/rescues/_request_and_response.erb (1.2ms)
Rendered /Users/cato/.rvm/gems/ruby-1.9.2-p290@rails31/gems/actionpack-3.1.1/lib/action_dispatch/middleware/templates/rescues/template_error.erb within rescues/layout (7.4ms)


Started GET "/dashboard/index" for 127.0.0.1 at 2011-12-13 03:32:45 -0600
  Processing by DashboardController#index as HTML
  [1m[36mTweet Load (0.1ms)[0m  [1mSELECT "tweets".* FROM "tweets" [0m
Rendered app/widgets/twitter/list.haml (0.1ms)
Rendered text template (0.0ms)
Rendered app/widgets/twitter/form.haml (60.3ms)
Rendered app/widgets/twitter/display.html.haml (66.4ms)
Rendered dashboard/index.html.haml within layouts/application (88.9ms)
Completed 500 Internal Server Error in 95ms

ActionView::Template::Error (wrong number of arguments (1 for 2)):
    2: 	What are you up to?
    3: 	
    4: 	= form_tag url_for_event(:submit), :remote => true do |f|
    5: 		= text_field "text"
    6: 		= submit_tag "Tweet!"
  app/widgets/twitter/form.haml:5:in `block in _app_widgets_twitter_form_haml__2172378157636237095_2168766460'
  app/widgets/twitter/form.haml:4:in `_app_widgets_twitter_form_haml__2172378157636237095_2168766460'
  app/widgets/twitter_widget.rb:19:in `form'
  app/widgets/twitter/display.html.haml:4:in `block in _app_widgets_twitter_display_html_haml__4422653697470941057_2169643200'
  app/widgets/twitter/display.html.haml:1:in `_app_widgets_twitter_display_html_haml__4422653697470941057_2169643200'
  app/widgets/twitter_widget.rb:6:in `display'
  app/views/dashboard/index.html.haml:5:in `_app_views_dashboard_index_html_haml__1712226327976930410_2158852100'

Rendered /Users/cato/.rvm/gems/ruby-1.9.2-p290@rails31/gems/actionpack-3.1.1/lib/action_dispatch/middleware/templates/rescues/_trace.erb (1.6ms)
Rendered /Users/cato/.rvm/gems/ruby-1.9.2-p290@rails31/gems/actionpack-3.1.1/lib/action_dispatch/middleware/templates/rescues/_request_and_response.erb (1.0ms)
Rendered /Users/cato/.rvm/gems/ruby-1.9.2-p290@rails31/gems/actionpack-3.1.1/lib/action_dispatch/middleware/templates/rescues/template_error.erb within rescues/layout (5.3ms)


Started GET "/dashboard/index" for 127.0.0.1 at 2011-12-13 03:33:31 -0600
  Processing by DashboardController#index as HTML
  [1m[35mTweet Load (0.1ms)[0m  SELECT "tweets".* FROM "tweets" 
Rendered app/widgets/twitter/list.haml (0.1ms)
Rendered text template (0.0ms)
Rendered app/widgets/twitter/form.haml (4.4ms)
Rendered app/widgets/twitter/display.html.haml (10.3ms)
Rendered dashboard/index.html.haml within layouts/application (32.4ms)
Completed 500 Internal Server Error in 39ms

ActionView::Template::Error (wrong number of arguments (1 for 2)):
    2: 	What are you up to?
    3: 	
    4: 	=form_tag url_for_event(:submit), :remote => true do |f|
    5: 		= text_field "text"
    6: 		= submit_tag "Tweet!"
  app/widgets/twitter/form.haml:5:in `block in _app_widgets_twitter_form_haml__2172378157636237095_2168799360'
  app/widgets/twitter/form.haml:4:in `_app_widgets_twitter_form_haml__2172378157636237095_2168799360'
  app/widgets/twitter_widget.rb:19:in `form'
  app/widgets/twitter/display.html.haml:4:in `block in _app_widgets_twitter_display_html_haml__4422653697470941057_2169643200'
  app/widgets/twitter/display.html.haml:1:in `_app_widgets_twitter_display_html_haml__4422653697470941057_2169643200'
  app/widgets/twitter_widget.rb:6:in `display'
  app/views/dashboard/index.html.haml:5:in `_app_views_dashboard_index_html_haml__1712226327976930410_2158852100'

Rendered /Users/cato/.rvm/gems/ruby-1.9.2-p290@rails31/gems/actionpack-3.1.1/lib/action_dispatch/middleware/templates/rescues/_trace.erb (2.0ms)
Rendered /Users/cato/.rvm/gems/ruby-1.9.2-p290@rails31/gems/actionpack-3.1.1/lib/action_dispatch/middleware/templates/rescues/_request_and_response.erb (1.1ms)
Rendered /Users/cato/.rvm/gems/ruby-1.9.2-p290@rails31/gems/actionpack-3.1.1/lib/action_dispatch/middleware/templates/rescues/template_error.erb within rescues/layout (6.9ms)


Started GET "/dashboard/index" for 127.0.0.1 at 2011-12-13 03:34:31 -0600
  Processing by DashboardController#index as HTML
  [1m[36mTweet Load (0.1ms)[0m  [1mSELECT "tweets".* FROM "tweets" [0m
Rendered app/widgets/twitter/list.haml (0.1ms)
Rendered text template (0.0ms)
Rendered app/widgets/twitter/form.haml (4.7ms)
Rendered text template (0.0ms)
Rendered app/widgets/twitter/display.html.haml (12.1ms)
Rendered dashboard/index.html.haml within layouts/application (87.6ms)
Completed 200 OK in 132ms (Views: 131.1ms | ActiveRecord: 0.7ms)


Started GET "/assets/application.css?body=1" for 127.0.0.1 at 2011-12-13 03:34:32 -0600
Served asset /application.css - 304 Not Modified (0ms)


Started GET "/assets/application.js?body=1" for 127.0.0.1 at 2011-12-13 03:34:32 -0600
Served asset /application.js - 304 Not Modified (1ms)


Started GET "/assets/jquery_ujs.js?body=1" for 127.0.0.1 at 2011-12-13 03:34:32 -0600
Served asset /jquery_ujs.js - 304 Not Modified (2ms)


Started GET "/assets/dashboard.js?body=1" for 127.0.0.1 at 2011-12-13 03:34:32 -0600
Served asset /dashboard.js - 304 Not Modified (1ms)


Started GET "/assets/jquery.js?body=1" for 127.0.0.1 at 2011-12-13 03:34:32 -0600
Served asset /jquery.js - 304 Not Modified (3ms)


Started GET "/assets/app.css?body=1" for 127.0.0.1 at 2011-12-13 03:34:32 -0600
Served asset /app.css - 304 Not Modified (4ms)


Started GET "/assets/dashboard.css?body=1" for 127.0.0.1 at 2011-12-13 03:34:32 -0600
Served asset /dashboard.css - 304 Not Modified (3ms)


Started GET "/dashboard/index" for 127.0.0.1 at 2011-12-13 03:34:42 -0600
  Processing by DashboardController#index as HTML
  [1m[35mTweet Load (0.1ms)[0m  SELECT "tweets".* FROM "tweets" 
Rendered app/widgets/twitter/list.haml (0.1ms)
Rendered text template (0.0ms)
Rendered app/widgets/twitter/form.haml (3.9ms)
Rendered text template (0.0ms)
Rendered app/widgets/twitter/display.html.haml (10.6ms)
Rendered dashboard/index.html.haml within layouts/application (32.8ms)
Completed 200 OK in 43ms (Views: 41.4ms | ActiveRecord: 0.7ms)


Started GET "/assets/application.js?body=1" for 127.0.0.1 at 2011-12-13 03:34:42 -0600
Served asset /application.js - 304 Not Modified (0ms)


Started GET "/assets/application.css?body=1" for 127.0.0.1 at 2011-12-13 03:34:42 -0600
Served asset /application.css - 304 Not Modified (0ms)


Started GET "/assets/jquery_ujs.js?body=1" for 127.0.0.1 at 2011-12-13 03:34:42 -0600
Served asset /jquery_ujs.js - 304 Not Modified (0ms)


Started GET "/assets/dashboard.js?body=1" for 127.0.0.1 at 2011-12-13 03:34:42 -0600
Served asset /dashboard.js - 304 Not Modified (0ms)


Started GET "/assets/jquery.js?body=1" for 127.0.0.1 at 2011-12-13 03:34:42 -0600
Served asset /jquery.js - 304 Not Modified (0ms)


Started GET "/assets/app.css?body=1" for 127.0.0.1 at 2011-12-13 03:34:42 -0600
Served asset /app.css - 304 Not Modified (0ms)


Started GET "/assets/dashboard.css?body=1" for 127.0.0.1 at 2011-12-13 03:34:42 -0600
Served asset /dashboard.css - 304 Not Modified (0ms)


Started POST "/dashboard/render_event_response?source=twitter&type=submit" for 127.0.0.1 at 2011-12-13 03:35:15 -0600
  Processing by DashboardController#render_event_response as JS
  Parameters: {"utf8"=>"✓", "authenticity_token"=>"WC21OMybSmm33XMC54HldxsWaaBHvEbC05R/QqZI5Nw=", "text"=>"test", "commit"=>"Tweet!", "source"=>"twitter", "type"=>"submit"}
  [1m[36mSQL (18.8ms)[0m  [1mINSERT INTO "tweets" ("created_at", "text", "updated_at") VALUES (?, ?, ?)[0m  [["created_at", Tue, 13 Dec 2011 09:35:15 UTC +00:00], ["text", "test"], ["updated_at", Tue, 13 Dec 2011 09:35:15 UTC +00:00]]
  [1m[35mTweet Load (0.1ms)[0m  SELECT "tweets".* FROM "tweets" 
Rendered app/widgets/twitter/list.haml (0.3ms)
Rendered text template (0.0ms)
Rendered app/widgets/twitter/form.haml (1.7ms)
Rendered text template (0.0ms)
Rendered app/widgets/twitter/display.html.haml (11.5ms)
Rendered text template (0.0ms)
Rendered text template (0.0ms)
Completed 200 OK in 112ms (Views: 3.5ms | ActiveRecord: 19.6ms)


Started POST "/dashboard/render_event_response?source=twitter&type=submit" for 127.0.0.1 at 2011-12-13 03:35:18 -0600
  Processing by DashboardController#render_event_response as JS
  Parameters: {"utf8"=>"✓", "authenticity_token"=>"WC21OMybSmm33XMC54HldxsWaaBHvEbC05R/QqZI5Nw=", "text"=>"test2", "commit"=>"Tweet!", "source"=>"twitter", "type"=>"submit"}
  [1m[36mSQL (0.6ms)[0m  [1mINSERT INTO "tweets" ("created_at", "text", "updated_at") VALUES (?, ?, ?)[0m  [["created_at", Tue, 13 Dec 2011 09:35:18 UTC +00:00], ["text", "test2"], ["updated_at", Tue, 13 Dec 2011 09:35:18 UTC +00:00]]
  [1m[35mTweet Load (0.1ms)[0m  SELECT "tweets".* FROM "tweets" 
Rendered app/widgets/twitter/list.haml (0.3ms)
Rendered text template (0.0ms)
Rendered app/widgets/twitter/form.haml (1.6ms)
Rendered text template (0.0ms)
Rendered app/widgets/twitter/display.html.haml (10.1ms)
Rendered text template (0.0ms)
Rendered text template (0.0ms)
Completed 200 OK in 46ms (Views: 3.0ms | ActiveRecord: 1.4ms)
  [1m[36m (0.1ms)[0m  [1mselect sqlite_version(*)[0m
  [1m[35m (1.4ms)[0m  CREATE TABLE "schema_migrations" ("version" varchar(255) NOT NULL) 
  [1m[36m (0.5ms)[0m  [1mPRAGMA index_list("schema_migrations")[0m
  [1m[35m (1.6ms)[0m  CREATE UNIQUE INDEX "unique_schema_migrations" ON "schema_migrations" ("version")
  [1m[36m (0.1ms)[0m  [1mSELECT "schema_migrations"."version" FROM "schema_migrations" [0m
Migrating to CreateTweets (20111213063722)
  [1m[35m (0.6ms)[0m  CREATE TABLE "tweets" ("id" INTEGER PRIMARY KEY AUTOINCREMENT NOT NULL, "text" varchar(255), "created_at" datetime, "updated_at" datetime) 
  [1m[36m (0.1ms)[0m  [1mINSERT INTO "schema_migrations" ("version") VALUES ('20111213063722')[0m
  [1m[35m (0.3ms)[0m  select sqlite_version(*)
  [1m[36m (0.2ms)[0m  [1mSELECT "schema_migrations"."version" FROM "schema_migrations" [0m
  [1m[35m (0.0ms)[0m  PRAGMA index_list("tweets")


Started GET "/dashboard/index" for 127.0.0.1 at 2011-12-13 03:36:16 -0600
  Processing by DashboardController#index as HTML
  [1m[36mTweet Load (0.1ms)[0m  [1mSELECT "tweets".* FROM "tweets" [0m
Rendered app/widgets/twitter/list.haml (0.1ms)
Rendered text template (0.0ms)
Rendered app/widgets/twitter/form.haml (1.6ms)
Rendered text template (0.0ms)
Rendered app/widgets/twitter/display.html.haml (9.0ms)
Rendered dashboard/index.html.haml within layouts/application (33.9ms)
Completed 200 OK in 44ms (Views: 42.7ms | ActiveRecord: 0.7ms)


Started GET "/assets/jquery.js?body=1" for 127.0.0.1 at 2011-12-13 03:36:16 -0600
Served asset /jquery.js - 304 Not Modified (0ms)


Started GET "/assets/jquery_ujs.js?body=1" for 127.0.0.1 at 2011-12-13 03:36:16 -0600
Served asset /jquery_ujs.js - 304 Not Modified (0ms)


Started GET "/assets/application.css?body=1" for 127.0.0.1 at 2011-12-13 03:36:16 -0600
Served asset /application.css - 304 Not Modified (0ms)


Started GET "/assets/dashboard.js?body=1" for 127.0.0.1 at 2011-12-13 03:36:16 -0600
Served asset /dashboard.js - 304 Not Modified (0ms)


Started GET "/assets/application.js?body=1" for 127.0.0.1 at 2011-12-13 03:36:16 -0600
Served asset /application.js - 304 Not Modified (0ms)


Started GET "/assets/dashboard.css?body=1" for 127.0.0.1 at 2011-12-13 03:36:16 -0600
Served asset /dashboard.css - 304 Not Modified (0ms)


Started GET "/assets/app.css?body=1" for 127.0.0.1 at 2011-12-13 03:36:16 -0600
Served asset /app.css - 304 Not Modified (0ms)
